20:06:57.124 [main] INFO  com.OrangeHrm.TestCases.OrangeLoginTest - login test is fail
20:13:25.997 [main] INFO  org.testng.internal.Utils - [TestNG] Running:
  C:\Users\bobbi\KCSA3\Testing project\OrangeHrm\testng.xml

20:13:26.874 [main] INFO  io.github.bonigarcia.wdm.WebDriverManager - Using chromedriver 114.0.5735.90 (resolved driver for Chrome 132)
20:13:26.925 [main] INFO  io.github.bonigarcia.wdm.WebDriverManager - Exporting webdriver.chrome.driver as C:\Users\bobbi\.cache\selenium\chromedriver\win32\114.0.5735.90\chromedriver.exe
20:13:33.920 [main] INFO  com.OrangeHrm.TestCases.OrangeLoginTest - Enter the url
20:13:35.144 [main] INFO  com.OrangeHrm.TestCases.OrangeLoginTest - Enter the user name
20:13:35.284 [main] INFO  com.OrangeHrm.TestCases.OrangeLoginTest - Enter the password
20:13:35.316 [main] INFO  com.OrangeHrm.TestCases.OrangeLoginTest - Click on login button
20:13:35.638 [main] INFO  com.OrangeHrm.TestCases.OrangeLoginTest - login test is fail
20:17:41.200 [main] INFO  org.testng.internal.Utils - [TestNG] Running:
  C:\Users\bobbi\KCSA3\Testing project\OrangeHrm\testng.xml

20:17:42.028 [main] INFO  io.github.bonigarcia.wdm.WebDriverManager - Using chromedriver 114.0.5735.90 (resolved driver for Chrome 132)
20:17:42.068 [main] INFO  io.github.bonigarcia.wdm.WebDriverManager - Exporting webdriver.chrome.driver as C:\Users\bobbi\.cache\selenium\chromedriver\win32\114.0.5735.90\chromedriver.exe
20:17:48.296 [main] INFO  com.OrangeHrm.TestCases.OrangeLoginTest - Enter the url
20:17:49.245 [main] INFO  com.OrangeHrm.TestCases.OrangeLoginTest - Enter the user name
20:17:49.429 [main] INFO  com.OrangeHrm.TestCases.OrangeLoginTest - Enter the password
20:17:49.482 [main] INFO  com.OrangeHrm.TestCases.OrangeLoginTest - Click on login button
20:17:49.766 [main] INFO  com.OrangeHrm.TestCases.OrangeLoginTest - login test is fail
20:19:38.893 [main] INFO  org.testng.internal.Utils - [TestNG] Running:
  C:\Users\bobbi\KCSA3\Testing project\OrangeHrm\testng.xml

20:19:39.526 [main] INFO  io.github.bonigarcia.wdm.WebDriverManager - Using chromedriver 114.0.5735.90 (resolved driver for Chrome 132)
20:19:39.562 [main] INFO  io.github.bonigarcia.wdm.WebDriverManager - Exporting webdriver.chrome.driver as C:\Users\bobbi\.cache\selenium\chromedriver\win32\114.0.5735.90\chromedriver.exe
20:19:44.838 [main] INFO  com.OrangeHrm.TestCases.OrangeLoginTest - Enter the url
20:19:45.542 [main] INFO  com.OrangeHrm.TestCases.OrangeLoginTest - Enter the user name
20:19:45.710 [main] INFO  com.OrangeHrm.TestCases.OrangeLoginTest - Enter the password
20:19:45.753 [main] INFO  com.OrangeHrm.TestCases.OrangeLoginTest - Click on login button
20:19:46.050 [main] INFO  com.OrangeHrm.TestCases.OrangeLoginTest - login test is fail
14:02:56.159 [main] INFO  org.testng.internal.Utils - [TestNG] Running:
  C:\Users\bobbi\KCSA3\Testing project\OrangeHrm\testng.xml

14:02:58.621 [main] INFO  io.github.bonigarcia.wdm.WebDriverManager - Using chromedriver 132.0.6834.159 (resolved driver for Chrome 132)
14:02:58.690 [main] INFO  io.github.bonigarcia.wdm.WebDriverManager - Reading https://chromedriver.storage.googleapis.com/ to seek chromedriver
14:03:00.365 [main] INFO  io.github.bonigarcia.wdm.online.Downloader - Downloading https://edgedl.me.gvt1.com/edgedl/chrome/chrome-for-testing/132.0.6834.159/win64/chromedriver-win64.zip
14:03:04.539 [main] INFO  io.github.bonigarcia.wdm.online.Downloader - Extracting driver from compressed file chromedriver-win64.zip
14:03:05.212 [main] INFO  io.github.bonigarcia.wdm.WebDriverManager - Exporting webdriver.chrome.driver as C:\Users\bobbi\.cache\selenium\chromedriver\win64\132.0.6834.159\chromedriver.exe
14:03:12.592 [main] INFO  com.OrangeHrm.TestCases.OrangeLoginTest - Enter the url
14:10:51.227 [main] INFO  org.testng.internal.Utils - [TestNG] Running:
  C:\Users\bobbi\KCSA3\Testing project\OrangeHrm\testng.xml

14:10:51.882 [main] INFO  io.github.bonigarcia.wdm.WebDriverManager - Using chromedriver 132.0.6834.159 (resolved driver for Chrome 132)
14:10:51.918 [main] INFO  io.github.bonigarcia.wdm.WebDriverManager - Exporting webdriver.chrome.driver as C:\Users\bobbi\.cache\selenium\chromedriver\win64\132.0.6834.159\chromedriver.exe
14:10:57.200 [main] INFO  com.OrangeHrm.TestCases.OrangeLoginTest - Enter the url
14:14:25.522 [main] INFO  org.testng.internal.Utils - [TestNG] Running:
  C:\Users\bobbi\KCSA3\Testing project\OrangeHrm\testng.xml

14:14:26.130 [main] INFO  io.github.bonigarcia.wdm.WebDriverManager - Using chromedriver 132.0.6834.159 (resolved driver for Chrome 132)
14:14:26.168 [main] INFO  io.github.bonigarcia.wdm.WebDriverManager - Exporting webdriver.chrome.driver as C:\Users\bobbi\.cache\selenium\chromedriver\win64\132.0.6834.159\chromedriver.exe
14:14:31.781 [main] INFO  com.OrangeHrm.TestCases.OrangeLoginTest - Enter the url
14:19:52.491 [main] INFO  org.testng.internal.Utils - [TestNG] Running:
  C:\Users\bobbi\KCSA3\Testing project\OrangeHrm\testng.xml

